This file contains any messages produced by compilers while
running configure, to aid debugging if configure makes a mistake.

It was created by libocispec configure 0.3, which was
generated by GNU Autoconf 2.69.  Invocation command line was

  $ ./configure 

## --------- ##
## Platform. ##
## --------- ##

hostname = sch-VirtualBox
uname -m = x86_64
uname -r = 5.15.0-78-generic
uname -s = Linux
uname -v = #85~20.04.1-Ubuntu SMP Mon Jul 17 09:42:39 UTC 2023

/usr/bin/uname -p = x86_64
/bin/uname -X     = unknown

/bin/arch              = x86_64
/usr/bin/arch -k       = unknown
/usr/convex/getsysinfo = unknown
/usr/bin/hostinfo      = unknown
/bin/machine           = unknown
/usr/bin/oslevel       = unknown
/bin/universe          = unknown

PATH: /usr/local/sbin
PATH: /usr/local/bin
PATH: /usr/sbin
PATH: /usr/bin
PATH: /sbin
PATH: /bin
PATH: /snap/bin


## ----------- ##
## Core tests. ##
## ----------- ##

configure:2374: checking for gcc
configure:2390: found /usr/bin/gcc
configure:2401: result: gcc
configure:2630: checking for C compiler version
configure:2639: gcc --version >&5
gcc (Ubuntu 9.4.0-1ubuntu1~20.04.2) 9.4.0
Copyright (C) 2019 Free Software Foundation, Inc.
This is free software; see the source for copying conditions.  There is NO
warranty; not even for MERCHANTABILITY or FITNESS FOR A PARTICULAR PURPOSE.

configure:2650: $? = 0
configure:2639: gcc -v >&5
Using built-in specs.
COLLECT_GCC=gcc
COLLECT_LTO_WRAPPER=/usr/lib/gcc/x86_64-linux-gnu/9/lto-wrapper
OFFLOAD_TARGET_NAMES=nvptx-none:hsa
OFFLOAD_TARGET_DEFAULT=1
Target: x86_64-linux-gnu
Configured with: ../src/configure -v --with-pkgversion='Ubuntu 9.4.0-1ubuntu1~20.04.2' --with-bugurl=file:///usr/share/doc/gcc-9/README.Bugs --enable-languages=c,ada,c++,go,brig,d,fortran,objc,obj-c++,gm2 --prefix=/usr --with-gcc-major-version-only --program-suffix=-9 --program-prefix=x86_64-linux-gnu- --enable-shared --enable-linker-build-id --libexecdir=/usr/lib --without-included-gettext --enable-threads=posix --libdir=/usr/lib --enable-nls --enable-clocale=gnu --enable-libstdcxx-debug --enable-libstdcxx-time=yes --with-default-libstdcxx-abi=new --enable-gnu-unique-object --disable-vtable-verify --enable-plugin --enable-default-pie --with-system-zlib --with-target-system-zlib=auto --enable-objc-gc=auto --enable-multiarch --disable-werror --with-arch-32=i686 --with-abi=m64 --with-multilib-list=m32,m64,mx32 --enable-multilib --with-tune=generic --enable-offload-targets=nvptx-none=/build/gcc-9-9QDOt0/gcc-9-9.4.0/debian/tmp-nvptx/usr,hsa --without-cuda-driver --enable-checking=release --build=x86_64-linux-gnu --host=x86_64-linux-gnu --target=x86_64-linux-gnu
Thread model: posix
gcc version 9.4.0 (Ubuntu 9.4.0-1ubuntu1~20.04.2) 
configure:2650: $? = 0
configure:2639: gcc -V >&5
gcc: error: unrecognized command line option '-V'
gcc: fatal error: no input files
compilation terminated.
configure:2650: $? = 1
configure:2639: gcc -qversion >&5
gcc: error: unrecognized command line option '-qversion'; did you mean '--version'?
gcc: fatal error: no input files
compilation terminated.
configure:2650: $? = 1
configure:2670: checking whether the C compiler works
configure:2692: gcc    conftest.c  >&5
configure:2696: $? = 0
configure:2744: result: yes
configure:2747: checking for C compiler default output file name
configure:2749: result: a.out
configure:2755: checking for suffix of executables
configure:2762: gcc -o conftest    conftest.c  >&5
configure:2766: $? = 0
configure:2788: result: 
configure:2810: checking whether we are cross compiling
configure:2818: gcc -o conftest    conftest.c  >&5
configure:2822: $? = 0
configure:2829: ./conftest
configure:2833: $? = 0
configure:2821: result: no
configure:2826: checking for suffix of object files
configure:2848: gcc -c   conftest.c >&5
configure:2852: $? = 0
configure:2873: result: o
configure:2877: checking whether we are using the GNU C compiler
configure:2896: gcc -c   conftest.c >&5
configure:2896: $? = 0
configure:2905: result: yes
configure:2914: checking whether gcc accepts -g
configure:2934: gcc -c -g  conftest.c >&5
configure:2934: $? = 0
configure:2975: result: yes
configure:2992: checking for gcc option to accept ISO C89
configure:3055: gcc  -c -g -O2  conftest.c >&5
configure:3055: $? = 0
configure:3068: result: none needed
configure:3093: checking whether gcc understands -c and -o together
configure:3115: gcc -c conftest.c -o conftest2.o
configure:3118: $? = 0
configure:3115: gcc -c conftest.c -o conftest2.o
configure:3118: $? = 0
configure:3130: result: yes
configure:3153: checking how to run the C preprocessor
configure:3184: gcc -E  conftest.c
configure:3184: $? = 0
configure:3198: gcc -E  conftest.c
conftest.c:9:10: fatal error: ac_nonexistent.h: No such file or directory
    9 | #include <ac_nonexistent.h>
      |          ^~~~~~~~~~~~~~~~~~
compilation terminated.
configure:3198: $? = 1
configure: failed program was:
| /* confdefs.h */
| #define PACKAGE_NAME "libocispec"
| #define PACKAGE_TARNAME "libocispec"
| #define PACKAGE_VERSION "0.3"
| #define PACKAGE_STRING "libocispec 0.3"
| #define PACKAGE_BUGREPORT "giuseppe@scrivano.org"
| #define PACKAGE_URL ""
| /* end confdefs.h.  */
| #include <ac_nonexistent.h>
configure:3223: result: gcc -E
configure:3243: gcc -E  conftest.c
configure:3243: $? = 0
configure:3257: gcc -E  conftest.c
conftest.c:9:10: fatal error: ac_nonexistent.h: No such file or directory
    9 | #include <ac_nonexistent.h>
      |          ^~~~~~~~~~~~~~~~~~
compilation terminated.
configure:3257: $? = 1
configure: failed program was:
| /* confdefs.h */
| #define PACKAGE_NAME "libocispec"
| #define PACKAGE_TARNAME "libocispec"
| #define PACKAGE_VERSION "0.3"
| #define PACKAGE_STRING "libocispec 0.3"
| #define PACKAGE_BUGREPORT "giuseppe@scrivano.org"
| #define PACKAGE_URL ""
| /* end confdefs.h.  */
| #include <ac_nonexistent.h>
configure:3286: checking for grep that handles long lines and -e
configure:3344: result: /usr/bin/grep
configure:3349: checking for egrep
configure:3411: result: /usr/bin/grep -E
configure:3416: checking for ANSI C header files
configure:3436: gcc -c -g -O2  conftest.c >&5
configure:3436: $? = 0
configure:3509: gcc -o conftest -g -O2   conftest.c  >&5
configure:3509: $? = 0
configure:3509: ./conftest
configure:3509: $? = 0
configure:3520: result: yes
configure:3533: checking for sys/types.h
configure:3533: gcc -c -g -O2  conftest.c >&5
configure:3533: $? = 0
configure:3533: result: yes
configure:3533: checking for sys/stat.h
configure:3533: gcc -c -g -O2  conftest.c >&5
configure:3533: $? = 0
configure:3533: result: yes
configure:3533: checking for stdlib.h
configure:3533: gcc -c -g -O2  conftest.c >&5
configure:3533: $? = 0
configure:3533: result: yes
configure:3533: checking for string.h
configure:3533: gcc -c -g -O2  conftest.c >&5
configure:3533: $? = 0
configure:3533: result: yes
configure:3533: checking for memory.h
configure:3533: gcc -c -g -O2  conftest.c >&5
configure:3533: $? = 0
configure:3533: result: yes
configure:3533: checking for strings.h
configure:3533: gcc -c -g -O2  conftest.c >&5
configure:3533: $? = 0
configure:3533: result: yes
configure:3533: checking for inttypes.h
configure:3533: gcc -c -g -O2  conftest.c >&5
configure:3533: $? = 0
configure:3533: result: yes
configure:3533: checking for stdint.h
configure:3533: gcc -c -g -O2  conftest.c >&5
configure:3533: $? = 0
configure:3533: result: yes
configure:3533: checking for unistd.h
configure:3533: gcc -c -g -O2  conftest.c >&5
configure:3533: $? = 0
configure:3533: result: yes
configure:3546: checking minix/config.h usability
configure:3546: gcc -c -g -O2  conftest.c >&5
conftest.c:52:10: fatal error: minix/config.h: No such file or directory
   52 | #include <minix/config.h>
      |          ^~~~~~~~~~~~~~~~
compilation terminated.
configure:3546: $? = 1
configure: failed program was:
| /* confdefs.h */
| #define PACKAGE_NAME "libocispec"
| #define PACKAGE_TARNAME "libocispec"
| #define PACKAGE_VERSION "0.3"
| #define PACKAGE_STRING "libocispec 0.3"
| #define PACKAGE_BUGREPORT "giuseppe@scrivano.org"
| #define PACKAGE_URL ""
| #define STDC_HEADERS 1
| #define HAVE_SYS_TYPES_H 1
| #define HAVE_SYS_STAT_H 1
| #define HAVE_STDLIB_H 1
| #define HAVE_STRING_H 1
| #define HAVE_MEMORY_H 1
| #define HAVE_STRINGS_H 1
| #define HAVE_INTTYPES_H 1
| #define HAVE_STDINT_H 1
| #define HAVE_UNISTD_H 1
| /* end confdefs.h.  */
| #include <stdio.h>
| #ifdef HAVE_SYS_TYPES_H
| # include <sys/types.h>
| #endif
| #ifdef HAVE_SYS_STAT_H
| # include <sys/stat.h>
| #endif
| #ifdef STDC_HEADERS
| # include <stdlib.h>
| # include <stddef.h>
| #else
| # ifdef HAVE_STDLIB_H
| #  include <stdlib.h>
| # endif
| #endif
| #ifdef HAVE_STRING_H
| # if !defined STDC_HEADERS && defined HAVE_MEMORY_H
| #  include <memory.h>
| # endif
| # include <string.h>
| #endif
| #ifdef HAVE_STRINGS_H
| # include <strings.h>
| #endif
| #ifdef HAVE_INTTYPES_H
| # include <inttypes.h>
| #endif
| #ifdef HAVE_STDINT_H
| # include <stdint.h>
| #endif
| #ifdef HAVE_UNISTD_H
| # include <unistd.h>
| #endif
| #include <minix/config.h>
configure:3546: result: no
configure:3546: checking minix/config.h presence
configure:3546: gcc -E  conftest.c
conftest.c:19:10: fatal error: minix/config.h: No such file or directory
   19 | #include <minix/config.h>
      |          ^~~~~~~~~~~~~~~~
compilation terminated.
configure:3546: $? = 1
configure: failed program was:
| /* confdefs.h */
| #define PACKAGE_NAME "libocispec"
| #define PACKAGE_TARNAME "libocispec"
| #define PACKAGE_VERSION "0.3"
| #define PACKAGE_STRING "libocispec 0.3"
| #define PACKAGE_BUGREPORT "giuseppe@scrivano.org"
| #define PACKAGE_URL ""
| #define STDC_HEADERS 1
| #define HAVE_SYS_TYPES_H 1
| #define HAVE_SYS_STAT_H 1
| #define HAVE_STDLIB_H 1
| #define HAVE_STRING_H 1
| #define HAVE_MEMORY_H 1
| #define HAVE_STRINGS_H 1
| #define HAVE_INTTYPES_H 1
| #define HAVE_STDINT_H 1
| #define HAVE_UNISTD_H 1
| /* end confdefs.h.  */
| #include <minix/config.h>
configure:3546: result: no
configure:3546: checking for minix/config.h
configure:3546: result: no
configure:3567: checking whether it is safe to define __EXTENSIONS__
configure:3585: gcc -c -g -O2  conftest.c >&5
configure:3585: $? = 0
configure:3592: result: yes
configure:3636: checking build system type
configure:3650: result: x86_64-pc-linux-gnu
configure:3670: checking host system type
configure:3683: result: x86_64-pc-linux-gnu
configure:3724: checking how to print strings
configure:3751: result: printf
configure:3772: checking for a sed that does not truncate output
configure:3836: result: /usr/bin/sed
configure:3854: checking for fgrep
configure:3916: result: /usr/bin/grep -F
configure:3951: checking for ld used by gcc
configure:4018: result: /usr/bin/ld
configure:4025: checking if the linker (/usr/bin/ld) is GNU ld
configure:4040: result: yes
configure:4052: checking for BSD- or MS-compatible name lister (nm)
configure:4106: result: /usr/bin/nm -B
configure:4236: checking the name lister (/usr/bin/nm -B) interface
configure:4243: gcc -c -g -O2  conftest.c >&5
configure:4246: /usr/bin/nm -B "conftest.o"
configure:4249: output
0000000000000000 B some_variable
configure:4250: result: BSD nm
configure:4253: checking whether ln -s works
configure:4257: result: yes
configure:4265: checking the maximum length of command line arguments
configure:4396: result: 1572864
configure:4444: checking how to convert x86_64-pc-linux-gnu file names to x86_64-pc-linux-gnu format
configure:4484: result: func_convert_file_noop
configure:4491: checking how to convert x86_64-pc-linux-gnu file names to toolchain format
configure:4511: result: func_convert_file_noop
configure:4518: checking for /usr/bin/ld option to reload object files
configure:4525: result: -r
configure:4599: checking for objdump
configure:4615: found /usr/bin/objdump
configure:4626: result: objdump
configure:4658: checking how to recognize dependent libraries
configure:4858: result: pass_all
configure:4943: checking for dlltool
configure:4973: result: no
configure:5003: checking how to associate runtime and link libraries
configure:5030: result: printf %s\n
configure:5090: checking for ar
configure:5106: found /usr/bin/ar
configure:5117: result: ar
configure:5154: checking for archiver @FILE support
configure:5171: gcc -c -g -O2  conftest.c >&5
configure:5171: $? = 0
configure:5174: ar cr libconftest.a @conftest.lst >&5
configure:5177: $? = 0
configure:5182: ar cr libconftest.a @conftest.lst >&5
ar: conftest.o: No such file or directory
configure:5185: $? = 1
configure:5184: result: @
configure:5242: checking for strip
configure:5258: found /usr/bin/strip
configure:5269: result: strip
configure:5341: checking for ranlib
configure:5357: found /usr/bin/ranlib
configure:5368: result: ranlib
configure:5445: checking for gawk
configure:5461: found /usr/bin/gawk
configure:5472: result: gawk
configure:5512: checking command to parse /usr/bin/nm -B output from gcc object
configure:5665: gcc -c -g -O2  conftest.c >&5
configure:5668: $? = 0
configure:5672: /usr/bin/nm -B conftest.o | sed -n -e 's/^.*[	 ]\([ABCDGIRSTW][ABCDGIRSTW]*\)[	 ][	 ]*\([_A-Za-z][_A-Za-z0-9]*\)$/\1 \2 \2/p' | sed '/ __gnu_lto/d' > conftest.nm
configure:5738: gcc -o conftest -g -O2   conftest.c conftstm.o >&5
configure:5741: $? = 0
configure:5779: result: ok
configure:5826: checking for sysroot
configure:5856: result: no
configure:5863: checking for a working dd
configure:5901: result: /usr/bin/dd
configure:5905: checking how to truncate binary pipes
configure:5920: result: /usr/bin/dd bs=4096 count=1
configure:6056: gcc -c -g -O2  conftest.c >&5
configure:6059: $? = 0
configure:6249: checking for mt
configure:6265: found /usr/bin/mt
configure:6276: result: mt
configure:6299: checking if mt is a manifest tool
configure:6305: mt '-?'
configure:6313: result: no
configure:6987: checking for dlfcn.h
configure:6987: gcc -c -g -O2  conftest.c >&5
configure:6987: $? = 0
configure:6987: result: yes
configure:7242: checking for objdir
configure:7257: result: .libs
configure:7521: checking if gcc supports -fno-rtti -fno-exceptions
configure:7539: gcc -c -g -O2  -fno-rtti -fno-exceptions conftest.c >&5
cc1: warning: command line option '-fno-rtti' is valid for C++/D/ObjC++ but not for C
configure:7543: $? = 0
configure:7556: result: no
configure:7920: checking for gcc option to produce PIC
configure:7927: result: -fPIC -DPIC
configure:7935: checking if gcc PIC flag -fPIC -DPIC works
configure:7953: gcc -c -g -O2  -fPIC -DPIC -DPIC conftest.c >&5
configure:7957: $? = 0
configure:7970: result: yes
configure:7999: checking if gcc static flag -static works
configure:8027: result: yes
configure:8042: checking if gcc supports -c -o file.o
configure:8063: gcc -c -g -O2  -o out/conftest2.o conftest.c >&5
configure:8067: $? = 0
configure:8089: result: yes
configure:8097: checking if gcc supports -c -o file.o
configure:8144: result: yes
configure:8177: checking whether the gcc linker (/usr/bin/ld -m elf_x86_64) supports shared libraries
configure:9440: result: yes
configure:9680: checking dynamic linker characteristics
configure:10261: gcc -o conftest -g -O2   -Wl,-rpath -Wl,/foo conftest.c  >&5
configure:10261: $? = 0
configure:10510: result: GNU/Linux ld.so
configure:10632: checking how to hardcode library paths into programs
configure:10657: result: immediate
configure:11205: checking whether stripping libraries is possible
configure:11210: result: yes
configure:11245: checking if libtool supports shared libraries
configure:11247: result: yes
configure:11250: checking whether to build shared libraries
configure:11275: result: no
configure:11278: checking whether to build static libraries
configure:11282: result: yes
configure:8112: checking for a BSD-compatible install
configure:8180: result: /usr/bin/install -c
configure:8191: checking whether build environment is sane
configure:8246: result: yes
configure:8392: checking for a thread-safe mkdir -p
configure:8431: result: /usr/bin/mkdir -p
configure:8434: checking whether make sets $(MAKE)
configure:8456: result: yes
configure:8478: checking whether make supports the include directive
configure:8493: make -f confmf.GNU && cat confinc.out
this is the am__doit target
configure:8496: $? = 0
configure:8515: result: yes (GNU style)
configure:8548: checking whether make supports nested variables
configure:8565: result: yes
configure:8654: checking whether UID '0' is supported by ustar format
configure:8657: result: yes
configure:8664: checking whether GID '0' is supported by ustar format
configure:8667: result: yes
configure:8675: checking how to create a ustar tar archive
configure:8686: tar --version
tar (GNU tar) 1.30
Copyright (C) 2017 Free Software Foundation, Inc.
License GPLv3+: GNU GPL version 3 or later <https://gnu.org/licenses/gpl.html>.
This is free software: you are free to change and redistribute it.
There is NO WARRANTY, to the extent permitted by law.

Written by John Gilmore and Jay Fenlason.
configure:8689: $? = 0
configure:8729: tardir=conftest.dir && eval tar --format=ustar -chf - "$tardir" >conftest.tar
configure:8732: $? = 0
configure:8736: tar -xf - <conftest.tar
configure:8739: $? = 0
configure:8741: cat conftest.dir/file
GrepMe
configure:8744: $? = 0
configure:8757: result: gnutar
configure:8766: checking dependency style of gcc
configure:8877: result: gcc3
configure:8936: checking whether to enable maintainer-specific portions of Makefiles
configure:8945: result: yes
configure:8969: checking whether make supports nested variables
configure:8986: result: yes
configure:9079: checking for pkg-config
configure:9097: found /usr/bin/pkg-config
configure:9109: result: /usr/bin/pkg-config
configure:9134: checking pkg-config is at least version 0.9.0
configure:9137: result: yes
configure:9149: checking for YAJL
configure:9156: $PKG_CONFIG --exists --print-errors "yajl >= 2.1.0"
configure:9159: $? = 0
configure:9173: $PKG_CONFIG --exists --print-errors "yajl >= 2.1.0"
configure:9176: $? = 0
configure:9234: result: yes
configure:9270: checking for a sed that does not truncate output
configure:9334: result: /usr/bin/sed
configure:9387: checking for gcc
configure:9414: result: gcc
configure:9643: checking for C compiler version
configure:9652: gcc --version >&5
gcc (Ubuntu 9.4.0-1ubuntu1~20.04.2) 9.4.0
Copyright (C) 2019 Free Software Foundation, Inc.
This is free software; see the source for copying conditions.  There is NO
warranty; not even for MERCHANTABILITY or FITNESS FOR A PARTICULAR PURPOSE.

configure:9663: $? = 0
configure:9652: gcc -v >&5
Using built-in specs.
COLLECT_GCC=gcc
COLLECT_LTO_WRAPPER=/usr/lib/gcc/x86_64-linux-gnu/9/lto-wrapper
OFFLOAD_TARGET_NAMES=nvptx-none:hsa
OFFLOAD_TARGET_DEFAULT=1
Target: x86_64-linux-gnu
Configured with: ../src/configure -v --with-pkgversion='Ubuntu 9.4.0-1ubuntu1~20.04.2' --with-bugurl=file:///usr/share/doc/gcc-9/README.Bugs --enable-languages=c,ada,c++,go,brig,d,fortran,objc,obj-c++,gm2 --prefix=/usr --with-gcc-major-version-only --program-suffix=-9 --program-prefix=x86_64-linux-gnu- --enable-shared --enable-linker-build-id --libexecdir=/usr/lib --without-included-gettext --enable-threads=posix --libdir=/usr/lib --enable-nls --enable-clocale=gnu --enable-libstdcxx-debug --enable-libstdcxx-time=yes --with-default-libstdcxx-abi=new --enable-gnu-unique-object --disable-vtable-verify --enable-plugin --enable-default-pie --with-system-zlib --with-target-system-zlib=auto --enable-objc-gc=auto --enable-multiarch --disable-werror --with-arch-32=i686 --with-abi=m64 --with-multilib-list=m32,m64,mx32 --enable-multilib --with-tune=generic --enable-offload-targets=nvptx-none=/build/gcc-9-9QDOt0/gcc-9-9.4.0/debian/tmp-nvptx/usr,hsa --without-cuda-driver --enable-checking=release --build=x86_64-linux-gnu --host=x86_64-linux-gnu --target=x86_64-linux-gnu
Thread model: posix
gcc version 9.4.0 (Ubuntu 9.4.0-1ubuntu1~20.04.2) 
configure:9663: $? = 0
configure:9652: gcc -V >&5
gcc: error: unrecognized command line option '-V'
gcc: fatal error: no input files
compilation terminated.
configure:9663: $? = 1
configure:9652: gcc -qversion >&5
gcc: error: unrecognized command line option '-qversion'; did you mean '--version'?
gcc: fatal error: no input files
compilation terminated.
configure:9663: $? = 1
configure:9667: checking whether we are using the GNU C compiler
configure:9695: result: yes
configure:9704: checking whether gcc accepts -g
configure:9765: result: yes
configure:9782: checking for gcc option to accept ISO C89
configure:9858: result: none needed
configure:9883: checking whether gcc understands -c and -o together
configure:9920: result: yes
configure:9974: checking for a Python interpreter with version >= 3
configure:9991: python -c import sys # split strings by '.' and convert to numeric. Append some zeros # because we need at least 4 digits for the hex conversion. # map returns an iterator in Python 3.0 and a list in 2.x minver = list(map(int, '3'.split('.'))) + [0, 0, 0] minverhex = 0 # xrange is not present in Python 3.0 and range returns an iterator for i in list(range(0, 4)): minverhex = (minverhex << 8) + minver[i] sys.exit(sys.hexversion < minverhex)
configure:9994: $? = 1
configure:9991: python2 -c import sys # split strings by '.' and convert to numeric. Append some zeros # because we need at least 4 digits for the hex conversion. # map returns an iterator in Python 3.0 and a list in 2.x minver = list(map(int, '3'.split('.'))) + [0, 0, 0] minverhex = 0 # xrange is not present in Python 3.0 and range returns an iterator for i in list(range(0, 4)): minverhex = (minverhex << 8) + minver[i] sys.exit(sys.hexversion < minverhex)
configure:9994: $? = 1
configure:9991: python3 -c import sys # split strings by '.' and convert to numeric. Append some zeros # because we need at least 4 digits for the hex conversion. # map returns an iterator in Python 3.0 and a list in 2.x minver = list(map(int, '3'.split('.'))) + [0, 0, 0] minverhex = 0 # xrange is not present in Python 3.0 and range returns an iterator for i in list(range(0, 4)): minverhex = (minverhex << 8) + minver[i] sys.exit(sys.hexversion < minverhex)
configure:9994: $? = 0
configure:10000: result: python3
configure:10008: checking for python3
configure:10026: found /usr/bin/python3
configure:10038: result: /usr/bin/python3
configure:10056: checking for python3 version
configure:10063: result: 3.8
configure:10075: checking for python3 platform
configure:10082: result: linux
configure:10108: checking for python3 script directory
configure:10143: result: ${prefix}/lib/python3.8/site-packages
configure:10152: checking for python3 extension module directory
configure:10187: result: ${exec_prefix}/lib/python3.8/site-packages
configure:10304: checking that generated files are newer than configure
configure:10310: result: done
configure:10345: creating ./config.status

## ---------------------- ##
## Running config.status. ##
## ---------------------- ##

This file was extended by libocispec config.status 0.3, which was
generated by GNU Autoconf 2.69.  Invocation command line was

  CONFIG_FILES    = 
  CONFIG_HEADERS  = 
  CONFIG_LINKS    = 
  CONFIG_COMMANDS = 
  $ ./config.status 

on sch-VirtualBox

config.status:1114: creating Makefile
config.status:1114: creating ocispec.pc
config.status:1114: creating config.h
config.status:1295: config.h is unchanged
config.status:1343: executing libtool commands
config.status:1343: executing depfiles commands
config.status:1962: cd .       && sed -e '/# am--include-marker/d' Makefile         | make -f - am--depfiles
make: Nothing to be done for 'am--depfiles'.
config.status:1967: $? = 0
configure:12555: === configuring in yajl (/home/sch/docker/libocispec/yajl)
configure:12618: running /bin/bash ./configure --disable-option-checking '--prefix=/usr/local'  --cache-file=/dev/null --srcdir=.

## ---------------- ##
## Cache variables. ##
## ---------------- ##

ac_cv_build=x86_64-pc-linux-gnu
ac_cv_c_compiler_gnu=yes
ac_cv_env_CC_set=
ac_cv_env_CC_value=
ac_cv_env_CFLAGS_set=
ac_cv_env_CFLAGS_value=
ac_cv_env_CPPFLAGS_set=
ac_cv_env_CPPFLAGS_value=
ac_cv_env_CPP_set=
ac_cv_env_CPP_value=
ac_cv_env_LDFLAGS_set=
ac_cv_env_LDFLAGS_value=
ac_cv_env_LIBS_set=
ac_cv_env_LIBS_value=
ac_cv_env_LT_SYS_LIBRARY_PATH_set=
ac_cv_env_LT_SYS_LIBRARY_PATH_value=
ac_cv_env_OCI_IMAGE_EXTENSIONS_set=
ac_cv_env_OCI_IMAGE_EXTENSIONS_value=
ac_cv_env_OCI_IMAGE_INDEX_EXTENSIONS_set=
ac_cv_env_OCI_IMAGE_INDEX_EXTENSIONS_value=
ac_cv_env_OCI_IMAGE_LAYOUT_EXTENSIONS_set=
ac_cv_env_OCI_IMAGE_LAYOUT_EXTENSIONS_value=
ac_cv_env_OCI_IMAGE_MANIFEST_EXTENSIONS_set=
ac_cv_env_OCI_IMAGE_MANIFEST_EXTENSIONS_value=
ac_cv_env_OCI_IMAGE_MANIFEST_ITEMS_EXTENSIONS_set=
ac_cv_env_OCI_IMAGE_MANIFEST_ITEMS_EXTENSIONS_value=
ac_cv_env_OCI_RUNTIME_EXTENSIONS_set=
ac_cv_env_OCI_RUNTIME_EXTENSIONS_value=
ac_cv_env_PKG_CONFIG_LIBDIR_set=
ac_cv_env_PKG_CONFIG_LIBDIR_value=
ac_cv_env_PKG_CONFIG_PATH_set=
ac_cv_env_PKG_CONFIG_PATH_value=
ac_cv_env_PKG_CONFIG_set=
ac_cv_env_PKG_CONFIG_value=
ac_cv_env_PYTHON_set=
ac_cv_env_PYTHON_value=
ac_cv_env_YAJL_CFLAGS_set=
ac_cv_env_YAJL_CFLAGS_value=
ac_cv_env_YAJL_LIBS_set=
ac_cv_env_YAJL_LIBS_value=
ac_cv_env_build_alias_set=
ac_cv_env_build_alias_value=
ac_cv_env_host_alias_set=
ac_cv_env_host_alias_value=
ac_cv_env_target_alias_set=
ac_cv_env_target_alias_value=
ac_cv_header_dlfcn_h=yes
ac_cv_header_inttypes_h=yes
ac_cv_header_memory_h=yes
ac_cv_header_minix_config_h=no
ac_cv_header_stdc=yes
ac_cv_header_stdint_h=yes
ac_cv_header_stdlib_h=yes
ac_cv_header_string_h=yes
ac_cv_header_strings_h=yes
ac_cv_header_sys_stat_h=yes
ac_cv_header_sys_types_h=yes
ac_cv_header_unistd_h=yes
ac_cv_host=x86_64-pc-linux-gnu
ac_cv_objext=o
ac_cv_path_EGREP='/usr/bin/grep -E'
ac_cv_path_FGREP='/usr/bin/grep -F'
ac_cv_path_GREP=/usr/bin/grep
ac_cv_path_PYTHON=/usr/bin/python3
ac_cv_path_SED=/usr/bin/sed
ac_cv_path_ac_pt_PKG_CONFIG=/usr/bin/pkg-config
ac_cv_path_install='/usr/bin/install -c'
ac_cv_path_lt_DD=/usr/bin/dd
ac_cv_path_mkdir=/usr/bin/mkdir
ac_cv_prog_AWK=gawk
ac_cv_prog_CPP='gcc -E'
ac_cv_prog_ac_ct_AR=ar
ac_cv_prog_ac_ct_CC=gcc
ac_cv_prog_ac_ct_MANIFEST_TOOL=mt
ac_cv_prog_ac_ct_OBJDUMP=objdump
ac_cv_prog_ac_ct_RANLIB=ranlib
ac_cv_prog_ac_ct_STRIP=strip
ac_cv_prog_cc_c89=
ac_cv_prog_cc_g=yes
ac_cv_prog_make_make_set=yes
ac_cv_safe_to_define___extensions__=yes
am_cv_CC_dependencies_compiler_type=gcc3
am_cv_make_support_nested_variables=yes
am_cv_pathless_PYTHON=python3
am_cv_prog_cc_c_o=yes
am_cv_prog_tar_ustar=gnutar
am_cv_python_platform=linux
am_cv_python_pyexecdir='${exec_prefix}/lib/python3.8/site-packages'
am_cv_python_pythondir='${prefix}/lib/python3.8/site-packages'
am_cv_python_version=3.8
lt_cv_ar_at_file=@
lt_cv_deplibs_check_method=pass_all
lt_cv_file_magic_cmd='$MAGIC_CMD'
lt_cv_file_magic_test_file=
lt_cv_ld_reload_flag=-r
lt_cv_nm_interface='BSD nm'
lt_cv_objdir=.libs
lt_cv_path_LD=/usr/bin/ld
lt_cv_path_NM='/usr/bin/nm -B'
lt_cv_path_mainfest_tool=no
lt_cv_prog_compiler_c_o=yes
lt_cv_prog_compiler_pic='-fPIC -DPIC'
lt_cv_prog_compiler_pic_works=yes
lt_cv_prog_compiler_rtti_exceptions=no
lt_cv_prog_compiler_static_works=yes
lt_cv_prog_gnu_ld=yes
lt_cv_sharedlib_from_linklib_cmd='printf %s\n'
lt_cv_shlibpath_overrides_runpath=yes
lt_cv_sys_global_symbol_pipe='sed -n -e '\''s/^.*[	 ]\([ABCDGIRSTW][ABCDGIRSTW]*\)[	 ][	 ]*\([_A-Za-z][_A-Za-z0-9]*\)$/\1 \2 \2/p'\'' | sed '\''/ __gnu_lto/d'\'''
lt_cv_sys_global_symbol_to_c_name_address='sed -n -e '\''s/^: \(.*\) .*$/  {"\1", (void *) 0},/p'\'' -e '\''s/^[ABCDGIRSTW][ABCDGIRSTW]* .* \(.*\)$/  {"\1", (void *) \&\1},/p'\'''
lt_cv_sys_global_symbol_to_c_name_address_lib_prefix='sed -n -e '\''s/^: \(.*\) .*$/  {"\1", (void *) 0},/p'\'' -e '\''s/^[ABCDGIRSTW][ABCDGIRSTW]* .* \(lib.*\)$/  {"\1", (void *) \&\1},/p'\'' -e '\''s/^[ABCDGIRSTW][ABCDGIRSTW]* .* \(.*\)$/  {"lib\1", (void *) \&\1},/p'\'''
lt_cv_sys_global_symbol_to_cdecl='sed -n -e '\''s/^T .* \(.*\)$/extern int \1();/p'\'' -e '\''s/^[ABCDGIRSTW][ABCDGIRSTW]* .* \(.*\)$/extern char \1;/p'\'''
lt_cv_sys_global_symbol_to_import=
lt_cv_sys_max_cmd_len=1572864
lt_cv_to_host_file_cmd=func_convert_file_noop
lt_cv_to_tool_file_cmd=func_convert_file_noop
lt_cv_truncate_bin='/usr/bin/dd bs=4096 count=1'
pkg_cv_YAJL_CFLAGS=-I/usr/include/yajl
pkg_cv_YAJL_LIBS=-lyajl

## ----------------- ##
## Output variables. ##
## ----------------- ##

ACLOCAL='${SHELL} /home/sch/docker/libocispec/build-aux/missing aclocal-1.16'
AMDEPBACKSLASH='\'
AMDEP_FALSE='#'
AMDEP_TRUE=''
AMTAR='$${TAR-tar}'
AM_BACKSLASH='\'
AM_DEFAULT_V='$(AM_DEFAULT_VERBOSITY)'
AM_DEFAULT_VERBOSITY='0'
AM_V='$(V)'
AR='ar'
AUTOCONF='${SHELL} /home/sch/docker/libocispec/build-aux/missing autoconf'
AUTOHEADER='${SHELL} /home/sch/docker/libocispec/build-aux/missing autoheader'
AUTOMAKE='${SHELL} /home/sch/docker/libocispec/build-aux/missing automake-1.16'
AWK='gawk'
CC='gcc'
CCDEPMODE='depmode=gcc3'
CFLAGS='-g -O2'
CPP='gcc -E'
CPPFLAGS=''
CYGPATH_W='echo'
DEFS='-DHAVE_CONFIG_H'
DEPDIR='.deps'
DLLTOOL='false'
DSYMUTIL=''
DUMPBIN=''
ECHO_C=''
ECHO_N='-n'
ECHO_T=''
EGREP='/usr/bin/grep -E'
ENABLE_LIBOCISPEC_INSTALL_FALSE=''
ENABLE_LIBOCISPEC_INSTALL_TRUE='#'
EXEEXT=''
FGREP='/usr/bin/grep -F'
GREP='/usr/bin/grep'
HAVE_EMBEDDED_YAJL_FALSE=''
HAVE_EMBEDDED_YAJL_TRUE='#'
INSTALL_DATA='${INSTALL} -m 644'
INSTALL_PROGRAM='${INSTALL}'
INSTALL_SCRIPT='${INSTALL}'
INSTALL_STRIP_PROGRAM='$(install_sh) -c -s'
LD='/usr/bin/ld -m elf_x86_64'
LDFLAGS=''
LIBOBJS=''
LIBS=''
LIBTOOL='$(SHELL) $(top_builddir)/libtool'
LIPO=''
LN_S='ln -s'
LTLIBOBJS=''
LT_SYS_LIBRARY_PATH=''
MAINT=''
MAINTAINER_MODE_FALSE='#'
MAINTAINER_MODE_TRUE=''
MAKEINFO='${SHELL} /home/sch/docker/libocispec/build-aux/missing makeinfo'
MANIFEST_TOOL=':'
MKDIR_P='/usr/bin/mkdir -p'
NM='/usr/bin/nm -B'
NMEDIT=''
OBJDUMP='objdump'
OBJEXT='o'
OCI_IMAGE_EXTENSIONS=''
OCI_IMAGE_INDEX_EXTENSIONS=''
OCI_IMAGE_LAYOUT_EXTENSIONS=''
OCI_IMAGE_MANIFEST_EXTENSIONS=''
OCI_IMAGE_MANIFEST_ITEMS_EXTENSIONS=''
OCI_RUNTIME_EXTENSIONS=''
OTOOL64=''
OTOOL=''
PACKAGE='libocispec'
PACKAGE_BUGREPORT='giuseppe@scrivano.org'
PACKAGE_NAME='libocispec'
PACKAGE_STRING='libocispec 0.3'
PACKAGE_TARNAME='libocispec'
PACKAGE_URL=''
PACKAGE_VERSION='0.3'
PATH_SEPARATOR=':'
PKG_CONFIG='/usr/bin/pkg-config'
PKG_CONFIG_LIBDIR=''
PKG_CONFIG_PATH=''
PYTHON='/usr/bin/python3'
PYTHON_EXEC_PREFIX='${exec_prefix}'
PYTHON_PLATFORM='linux'
PYTHON_PREFIX='${prefix}'
PYTHON_VERSION='3.8'
RANLIB='ranlib'
SED='/usr/bin/sed'
SET_MAKE=''
SHELL='/bin/bash'
STRIP='strip'
VERSION='0.3'
YAJL_CFLAGS='-I/usr/include/yajl'
YAJL_LIBS='-lyajl'
ac_ct_AR='ar'
ac_ct_CC='gcc'
ac_ct_DUMPBIN=''
am__EXEEXT_FALSE=''
am__EXEEXT_TRUE='#'
am__fastdepCC_FALSE='#'
am__fastdepCC_TRUE=''
am__include='include'
am__isrc=''
am__leading_dot='.'
am__nodep='_no'
am__quote=''
am__tar='tar --format=ustar -chf - "$$tardir"'
am__untar='tar -xf -'
bindir='${exec_prefix}/bin'
build='x86_64-pc-linux-gnu'
build_alias=''
build_cpu='x86_64'
build_os='linux-gnu'
build_vendor='pc'
datadir='${datarootdir}'
datarootdir='${prefix}/share'
docdir='${datarootdir}/doc/${PACKAGE_TARNAME}'
dvidir='${docdir}'
exec_prefix='${prefix}'
host='x86_64-pc-linux-gnu'
host_alias=''
host_cpu='x86_64'
host_os='linux-gnu'
host_vendor='pc'
htmldir='${docdir}'
includedir='${prefix}/include'
infodir='${datarootdir}/info'
install_sh='${SHELL} /home/sch/docker/libocispec/build-aux/install-sh'
libdir='${exec_prefix}/lib'
libexecdir='${exec_prefix}/libexec'
localedir='${datarootdir}/locale'
localstatedir='${prefix}/var'
mandir='${datarootdir}/man'
mkdir_p='$(MKDIR_P)'
oldincludedir='/usr/include'
pdfdir='${docdir}'
pkgpyexecdir='${pyexecdir}/libocispec'
pkgpythondir='${pythondir}/libocispec'
prefix='/usr/local'
program_transform_name='s,x,x,'
psdir='${docdir}'
pyexecdir='${exec_prefix}/lib/python3.8/site-packages'
pythondir='${prefix}/lib/python3.8/site-packages'
runstatedir='${localstatedir}/run'
sbindir='${exec_prefix}/sbin'
sharedstatedir='${prefix}/com'
subdirs=' yajl'
sysconfdir='${prefix}/etc'
target_alias=''

## ----------- ##
## confdefs.h. ##
## ----------- ##

/* confdefs.h */
#define PACKAGE_NAME "libocispec"
#define PACKAGE_TARNAME "libocispec"
#define PACKAGE_VERSION "0.3"
#define PACKAGE_STRING "libocispec 0.3"
#define PACKAGE_BUGREPORT "giuseppe@scrivano.org"
#define PACKAGE_URL ""
#define STDC_HEADERS 1
#define HAVE_SYS_TYPES_H 1
#define HAVE_SYS_STAT_H 1
#define HAVE_STDLIB_H 1
#define HAVE_STRING_H 1
#define HAVE_MEMORY_H 1
#define HAVE_STRINGS_H 1
#define HAVE_INTTYPES_H 1
#define HAVE_STDINT_H 1
#define HAVE_UNISTD_H 1
#define __EXTENSIONS__ 1
#define _ALL_SOURCE 1
#define _GNU_SOURCE 1
#define _POSIX_PTHREAD_SEMANTICS 1
#define _TANDEM_SOURCE 1
#define HAVE_DLFCN_H 1
#define LT_OBJDIR ".libs/"
#define PACKAGE "libocispec"
#define VERSION "0.3"

configure: exit 0
